2025-05-28 21:56:19.169 [main] INFO  br.edu.up.pangaSongs.Main - Iniciando aplicação...
2025-05-28 21:56:19.224 [main] INFO  br.edu.up.pangaSongs.controller.PlaylistController - Música 'stairway to heaven' adicionada na playlist 'rock'
2025-05-28 21:56:19.224 [main] INFO  br.edu.up.pangaSongs.controller.PlaylistController - Música 'hotel california' adicionada na playlist 'rock'
2025-05-28 21:56:19.225 [main] INFO  br.edu.up.pangaSongs.controller.PlaylistController - Música 'creep' adicionada na playlist 'rock'
2025-05-28 21:56:19.225 [main] INFO  br.edu.up.pangaSongs.Main - Arquivos carregados com sucesso!
2025-05-28 21:56:19.227 [main] INFO  br.edu.up.pangaSongs.views.PrincipalView - Menu Principal iniciado.
2025-05-28 21:56:12.232 [main] INFO  br.edu.up.pangaSongs.Main - Iniciando aplicação...
2025-05-28 21:56:12.308 [main] INFO  br.edu.up.pangaSongs.controller.PlaylistController - Música 'stairway to heaven' adicionada na playlist 'rock'
2025-05-28 21:56:12.308 [main] INFO  br.edu.up.pangaSongs.controller.PlaylistController - Música 'hotel california' adicionada na playlist 'rock'
2025-05-28 21:56:12.309 [main] INFO  br.edu.up.pangaSongs.controller.PlaylistController - Música 'creep' adicionada na playlist 'rock'
2025-05-28 21:56:12.312 [main] INFO  br.edu.up.pangaSongs.Main - Arquivos carregados com sucesso!
2025-05-28 21:56:12.323 [main] INFO  br.edu.up.pangaSongs.views.PrincipalView - Menu Principal iniciado.
2025-05-28 21:56:39.121 [main] INFO  br.edu.up.pangaSongs.views.PrincipalView - Opção selecionada: 1
2025-05-28 21:56:39.125 [main] INFO  br.edu.up.pangaSongs.views.MusicaView - Menu de músicas iniciado.
2025-05-28 22:02:10.076 [main] INFO  br.edu.up.pangaSongs.views.MusicaView - Opção selecionada: 0
2025-05-28 22:02:18.314 [main] INFO  br.edu.up.pangaSongs.views.MusicaView - Opção selecionada: 0
2025-05-28 22:02:24.770 [main] INFO  br.edu.up.pangaSongs.views.MusicaView - Opção selecionada: 0
2025-05-28 22:02:56.145 [main] INFO  br.edu.up.pangaSongs.Main - Iniciando aplicação...
2025-05-28 22:02:56.176 [main] INFO  br.edu.up.pangaSongs.Main - Arquivos carregados com sucesso!
2025-05-28 22:02:56.178 [main] INFO  br.edu.up.pangaSongs.views.PrincipalView - Menu Principal iniciado.
2025-05-28 22:03:10.022 [main] INFO  br.edu.up.pangaSongs.views.PrincipalView - Opção selecionada: 1
2025-05-28 22:03:10.025 [main] INFO  br.edu.up.pangaSongs.views.MusicaView - Menu de músicas iniciado.
2025-05-28 22:03:47.541 [main] INFO  br.edu.up.pangaSongs.views.MusicaView - Opção selecionada: 0
2025-05-28 22:04:16.289 [main] INFO  br.edu.up.pangaSongs.views.MusicaView - Opção selecionada: 0
2025-05-28 22:04:21.898 [main] INFO  br.edu.up.pangaSongs.views.MusicaView - Opção selecionada: "0"
2025-05-28 22:04:48.275 [main] INFO  br.edu.up.pangaSongs.Main - Iniciando aplicação...
2025-05-28 22:04:48.309 [main] INFO  br.edu.up.pangaSongs.Main - Arquivos carregados com sucesso!
2025-05-28 22:04:48.311 [main] INFO  br.edu.up.pangaSongs.views.PrincipalView - Menu Principal iniciado.
2025-05-28 22:04:53.361 [main] INFO  br.edu.up.pangaSongs.views.PrincipalView - Opção selecionada: 1
2025-05-28 22:04:53.364 [main] INFO  br.edu.up.pangaSongs.views.MusicaView - Menu de músicas iniciado.
2025-05-28 22:04:56.521 [main] INFO  br.edu.up.pangaSongs.views.MusicaView - Opção selecionada: 0
2025-05-28 22:04:56.521 [main] INFO  br.edu.up.pangaSongs.views.MusicaView - Menu de músicas encerrado.
2025-05-28 22:05:19.208 [main] INFO  br.edu.up.pangaSongs.views.PrincipalView - Opção selecionada: 1
2025-05-28 22:05:19.209 [main] INFO  br.edu.up.pangaSongs.views.MusicaView - Menu de músicas iniciado.
2025-05-28 22:05:29.860 [main] INFO  br.edu.up.pangaSongs.views.MusicaView - Opção selecionada: 4
2025-05-28 22:05:29.861 [main] INFO  br.edu.up.pangaSongs.views.MusicaView - Listando músicas
2025-05-28 22:07:07.963 [main] INFO  br.edu.up.pangaSongs.Main - Iniciando aplicação...
2025-05-28 22:07:07.995 [main] INFO  br.edu.up.pangaSongs.Main - Arquivos carregados com sucesso!
2025-05-28 22:07:07.997 [main] INFO  br.edu.up.pangaSongs.views.PrincipalView - Menu Principal iniciado.
2025-05-28 22:07:11.592 [main] INFO  br.edu.up.pangaSongs.views.PrincipalView - Opção selecionada: 1
2025-05-28 22:07:11.597 [main] INFO  br.edu.up.pangaSongs.views.MusicaView - Menu de músicas iniciado.
2025-05-28 22:07:16.290 [main] INFO  br.edu.up.pangaSongs.views.MusicaView - Opção selecionada: 4
2025-05-28 22:07:16.291 [main] INFO  br.edu.up.pangaSongs.views.MusicaView - Listando músicas
2025-05-28 22:08:22.044 [main] INFO  br.edu.up.pangaSongs.views.MusicaView - Opção selecionada: 3
2025-05-28 22:09:48.320 [main] INFO  br.edu.up.pangaSongs.views.MusicaView - Editando a música: stairway to heaven
2025-05-28 22:12:24.760 [main] INFO  br.edu.up.pangaSongs.views.MusicaView - Opção selecionada: 0
2025-05-28 22:13:47.604 [main] INFO  br.edu.up.pangaSongs.Main - Iniciando aplicação...
2025-05-28 22:13:47.701 [main] INFO  br.edu.up.pangaSongs.Main - Arquivos carregados com sucesso!
2025-05-28 22:13:47.707 [main] INFO  br.edu.up.pangaSongs.views.PrincipalView - Menu Principal iniciado.
2025-05-28 22:13:27.924 [main] INFO  br.edu.up.pangaSongs.Main - Iniciando aplicação...
2025-05-28 22:13:28.043 [main] INFO  br.edu.up.pangaSongs.Main - Arquivos carregados com sucesso!
2025-05-28 22:13:28.051 [main] INFO  br.edu.up.pangaSongs.views.PrincipalView - Menu Principal iniciado.
2025-05-28 22:13:33.652 [main] INFO  br.edu.up.pangaSongs.views.PrincipalView - Opção selecionada: 1
2025-05-28 22:13:33.661 [main] INFO  br.edu.up.pangaSongs.views.MusicaView - Menu de músicas iniciado.
2025-05-28 22:13:38.587 [main] INFO  br.edu.up.pangaSongs.views.MusicaView - Opção selecionada: 4
2025-05-28 22:13:38.590 [main] INFO  br.edu.up.pangaSongs.views.MusicaView - Listando músicas
2025-05-28 22:13:56.331 [main] INFO  br.edu.up.pangaSongs.views.MusicaView - Opção selecionada: 3
2025-05-28 22:14:15.863 [main] INFO  br.edu.up.pangaSongs.views.MusicaView - Editando a música: stairway to heaven
2025-05-28 22:14:22.994 [main] INFO  br.edu.up.pangaSongs.views.MusicaView - Opção selecionada: 0
2025-05-28 22:14:40.297 [main] INFO  br.edu.up.pangaSongs.views.MusicaView - Opção selecionada: 
2025-05-28 22:14:42.425 [main] INFO  br.edu.up.pangaSongs.views.MusicaView - Opção selecionada: 0
2025-05-28 22:14:42.426 [main] INFO  br.edu.up.pangaSongs.views.MusicaView - Menu de músicas encerrado.
2025-05-28 22:16:57.466 [main] INFO  br.edu.up.pangaSongs.views.PrincipalView - Opção selecionada: 1
2025-05-28 22:16:57.468 [main] INFO  br.edu.up.pangaSongs.views.MusicaView - Menu de músicas iniciado.
2025-05-28 22:17:06.520 [main] INFO  br.edu.up.pangaSongs.views.MusicaView - Opção selecionada: 5
2025-05-28 22:17:38.409 [main] INFO  br.edu.up.pangaSongs.views.MusicaView - Música pausada.
2025-05-28 22:17:44.973 [main] INFO  br.edu.up.pangaSongs.views.MusicaView - Continuando música.
2025-05-28 22:21:29.166 [main] INFO  br.edu.up.pangaSongs.views.MusicaView - Música encerrada.
2025-05-28 22:21:44.278 [main] INFO  br.edu.up.pangaSongs.views.MusicaView - Opção selecionada: 2
2025-05-28 22:21:44.324 [main] WARN  br.edu.up.pangaSongs.controller.MusicaController - Música não encontrada!
2025-05-28 22:21:53.489 [main] INFO  br.edu.up.pangaSongs.views.MusicaView - Opção selecionada: 0
2025-05-28 22:21:53.490 [main] INFO  br.edu.up.pangaSongs.views.MusicaView - Menu de músicas encerrado.
2025-05-28 22:21:59.119 [main] INFO  br.edu.up.pangaSongs.views.PrincipalView - Opção selecionada: 2
2025-05-28 22:21:59.129 [main] INFO  br.edu.up.pangaSongs.views.PlaylistView - Menu de playlists iniciado.
2025-05-28 22:22:16.784 [main] INFO  br.edu.up.pangaSongs.views.PlaylistView - Opção selecionada: 4
2025-05-28 22:22:16.785 [main] INFO  br.edu.up.pangaSongs.views.PlaylistView - Listando playlists.
2025-05-28 22:22:32.508 [main] INFO  br.edu.up.pangaSongs.views.PlaylistView - Opção selecionada: 6
2025-05-28 22:22:36.231 [main] INFO  br.edu.up.pangaSongs.views.PlaylistView - Listando músicas da playlist: rock
2025-05-28 22:22:49.227 [main] INFO  br.edu.up.pangaSongs.views.PlaylistView - Opção selecionada: 0
